PRT1
196
440
4 0 5 (5120 4096 -3424 ) (5120 4096 2240 ) (4096 4096 2240 ) (4096 4096 -3424 ) 
4 0 1 (4096 4096 -3424 ) (4096 4096 2240 ) (4096 5120 2240 ) (4096 5120 -3424 ) 
4 1 9 (4096 4096 -3424 ) (4096 4096 2240 ) (3072 4096 2240 ) (3072 4096 -3424 ) 
4 1 2 (3072 4096 -3424 ) (3072 4096 2240 ) (3072 5120 2240 ) (3072 5120 -3424 ) 
4 2 10 (3072 4096 -3424 ) (3072 4096 2240 ) (2048 4096 2240 ) (2048 4096 -3424 ) 
4 2 3 (2048 4096 -3424 ) (2048 4096 2240 ) (2048 5120 2240 ) (2048 5120 -3424 ) 
4 3 16 (2048 4096 -3424 ) (2048 4096 2240 ) (1024 4096 2240 ) (1024 4096 -3424 ) 
4 3 4 (1024 4096 -3424 ) (1024 4096 2240 ) (1024 5120 2240 ) (1024 5120 -3424 ) 
4 4 49 (0 4096 -3424 ) (0 4096 2240 ) (0 5120 2240 ) (0 5120 -3424 ) 
4 4 17 (1024 4096 -3424 ) (1024 4096 2240 ) (0 4096 2240 ) (0 4096 -3424 ) 
4 5 9 (4096 4096 2240 ) (4096 4096 -3424 ) (4096 3072 -3424 ) (4096 3072 2240 ) 
4 5 6 (5120 3072 -3424 ) (5120 3072 2240 ) (4096 3072 2240 ) (4096 3072 -3424 ) 
4 6 11 (4096 2048 -3424 ) (4096 2048 2240 ) (4096 3072 2240 ) (4096 3072 -3424 ) 
4 6 7 (5120 2048 -3424 ) (5120 2048 2240 ) (4096 2048 2240 ) (4096 2048 -3424 ) 
4 7 24 (4096 1024 -3424 ) (4096 1024 2240 ) (4096 2048 2240 ) (4096 2048 -3424 ) 
4 7 8 (5120 1024 -3424 ) (5120 1024 2240 ) (4096 1024 2240 ) (4096 1024 -3424 ) 
4 8 98 (5120 0 -3424 ) (5120 0 2240 ) (4096 0 2240 ) (4096 0 -3424 ) 
4 8 28 (4096 0 -3424 ) (4096 0 2240 ) (4096 1024 2240 ) (4096 1024 -3424 ) 
4 9 11 (4096 3072 -3424 ) (4096 3072 2240 ) (3072 3072 2240 ) (3072 3072 -3424 ) 
4 9 10 (3072 4096 2240 ) (3072 4096 -3424 ) (3072 3072 -3424 ) (3072 3072 2240 ) 
4 10 16 (2048 4096 2240 ) (2048 4096 -3424 ) (2048 3072 -3424 ) (2048 3072 2240 ) 
4 10 15 (3072 3072 -3424 ) (3072 3072 104 ) (2048 3072 104 ) (2048 3072 -3424 ) 
4 10 13 (2560 3072 2240 ) (2048 3072 2240 ) (2048 3072 104 ) (2560 3072 104 ) 
4 10 12 (3072 3072 104 ) (3072 3072 2240 ) (2560 3072 2240 ) (2560 3072 104 ) 
4 11 24 (4096 2048 -3424 ) (4096 2048 2240 ) (3072 2048 2240 ) (3072 2048 -3424 ) 
4 11 15 (3072 3072 104 ) (3072 3072 -3424 ) (3072 2048 -3424 ) (3072 2048 104 ) 
4 11 12 (3072 3072 2240 ) (3072 3072 104 ) (3072 2048 104 ) (3072 2048 2240 ) 
4 12 25 (3072 2048 104 ) (3072 2048 2240 ) (2560 2048 2240 ) (2560 2048 104 ) 
4 12 15 (3072 3072 104 ) (3072 2048 104 ) (2560 2048 104 ) (2560 3072 104 ) 
4 12 14 (2560 2048 128 ) (2560 2048 2240 ) (2560 2560 2240 ) (2560 2560 128 ) 
4 12 13 (2560 3072 104 ) (2560 2560 104 ) (2560 2560 2240 ) (2560 3072 2240 ) 
4 13 18 (2048 2560 2240 ) (2048 3072 2240 ) (2048 3072 104 ) (2048 2560 104 ) 
4 13 15 (2048 2560 104 ) (2048 3072 104 ) (2560 3072 104 ) (2560 2560 104 ) 
4 13 14 (2560 2560 128 ) (2560 2560 2240 ) (2048 2560 2240 ) (2048 2560 128 ) 
4 14 26 (2560 2048 2240 ) (2048 2048 2240 ) (2048 2048 128 ) (2560 2048 128 ) 
4 14 19 (2048 2048 128 ) (2048 2048 2240 ) (2048 2560 2240 ) (2048 2560 128 ) 
4 15 27 (3072 2048 -3424 ) (3072 2048 104 ) (2048 2048 104 ) (2048 2048 -3424 ) 
4 15 20 (2048 2048 -3424 ) (2048 2048 104 ) (2048 3072 104 ) (2048 3072 -3424 ) 
4 16 20 (2048 3072 -3424 ) (2048 3072 104 ) (1024 3072 104 ) (1024 3072 -3424 ) 
4 16 18 (2048 3072 104 ) (2048 3072 2240 ) (1024 3072 2240 ) (1024 3072 104 ) 
4 16 17 (1024 4096 2240 ) (1024 4096 -3424 ) (1024 3072 -3424 ) (1024 3072 2240 ) 
4 17 54 (0 3072 -3424 ) (0 3072 2240 ) (0 4096 2240 ) (0 4096 -3424 ) 
4 17 23 (1024 3072 -3424 ) (1024 3072 104 ) (0 3072 104 ) (0 3072 -3424 ) 
4 17 21 (1024 3072 104 ) (1024 3072 2240 ) (0 3072 2240 ) (0 3072 104 ) 
4 18 21 (1024 3072 2240 ) (1024 3072 104 ) (1024 2560 104 ) (1024 2560 2240 ) 
4 18 20 (1024 3072 104 ) (2048 3072 104 ) (2048 2560 104 ) (1024 2560 104 ) 
4 18 19 (2048 2560 128 ) (2048 2560 2240 ) (1024 2560 2240 ) (1024 2560 128 ) 
4 19 33 (1440 2048 2240 ) (1024 2048 2240 ) (1024 2048 128 ) (1440 2048 128 ) 
4 19 32 (2048 2048 128 ) (2048 2048 2240 ) (1440 2048 2240 ) (1440 2048 128 ) 
4 19 22 (1024 2048 128 ) (1024 2048 2240 ) (1024 2560 2240 ) (1024 2560 128 ) 
4 20 35 (2048 2048 -3424 ) (2048 2048 104 ) (1024 2048 104 ) (1024 2048 -3424 ) 
4 20 23 (1024 3072 104 ) (1024 3072 -3424 ) (1024 2048 -3424 ) (1024 2048 104 ) 
4 21 55 (0 2560 2240 ) (0 3072 2240 ) (0 3072 104 ) (0 2560 104 ) 
4 21 23 (1024 3072 104 ) (1024 2560 104 ) (0 2560 104 ) (0 3072 104 ) 
4 21 22 (1024 2560 128 ) (1024 2560 2240 ) (0 2560 2240 ) (0 2560 128 ) 
4 22 56 (0 2048 128 ) (0 2048 2240 ) (0 2560 2240 ) (0 2560 128 ) 
4 22 37 (1024 2048 128 ) (1024 2048 740 ) (0 2048 740 ) (0 2048 128 ) 
4 22 36 (1024 2048 740 ) (1024 2048 2240 ) (0 2048 2240 ) (0 2048 740 ) 
4 23 57 (0 2048 -3424 ) (0 2048 104 ) (0 3072 104 ) (0 3072 -3424 ) 
4 23 39 (1024 2048 -3424 ) (1024 2048 104 ) (0 2048 104 ) (0 2048 -3424 ) 
4 24 28 (4096 1024 -3424 ) (4096 1024 2240 ) (3072 1024 2240 ) (3072 1024 -3424 ) 
4 24 27 (3072 2048 104 ) (3072 2048 -3424 ) (3072 1024 -3424 ) (3072 1024 104 ) 
4 24 25 (3072 2048 2240 ) (3072 2048 104 ) (3072 1024 104 ) (3072 1024 2240 ) 
4 25 29 (3072 1024 104 ) (3072 1024 2240 ) (2560 1024 2240 ) (2560 1024 104 ) 
4 25 27 (2560 2048 104 ) (3072 2048 104 ) (3072 1024 104 ) (2560 1024 104 ) 
4 25 26 (2560 1024 128 ) (2560 1024 2240 ) (2560 2048 2240 ) (2560 2048 128 ) 
4 26 32 (2048 2048 2240 ) (2048 2048 128 ) (2048 1024 128 ) (2048 1024 2240 ) 
4 26 30 (2560 1024 2240 ) (2048 1024 2240 ) (2048 1024 128 ) (2560 1024 128 ) 
4 27 35 (2048 2048 104 ) (2048 2048 -3424 ) (2048 1024 -3424 ) (2048 1024 104 ) 
4 27 31 (3072 1024 -3424 ) (3072 1024 104 ) (2048 1024 104 ) (2048 1024 -3424 ) 
4 28 101 (4096 0 -3424 ) (4096 0 2240 ) (3072 0 2240 ) (3072 0 -3424 ) 
4 28 31 (3072 1024 104 ) (3072 1024 -3424 ) (3072 0 -3424 ) (3072 0 104 ) 
4 28 29 (3072 1024 2240 ) (3072 1024 104 ) (3072 0 104 ) (3072 0 2240 ) 
4 29 102 (3072 0 104 ) (3072 0 2240 ) (2560 0 2240 ) (2560 0 104 ) 
4 29 31 (3072 1024 104 ) (3072 0 104 ) (2560 0 104 ) (2560 1024 104 ) 
4 29 30 (2560 0 128 ) (2560 0 2240 ) (2560 1024 2240 ) (2560 1024 128 ) 
4 30 103 (2560 0 2240 ) (2048 0 2240 ) (2048 0 128 ) (2560 0 128 ) 
4 30 41 (2048 0 128 ) (2048 0 740 ) (2048 1024 740 ) (2048 1024 128 ) 
4 30 40 (2048 0 740 ) (2048 0 2240 ) (2048 1024 2240 ) (2048 1024 740 ) 
4 31 104 (3072 0 -3424 ) (3072 0 104 ) (2048 0 104 ) (2048 0 -3424 ) 
4 31 43 (2048 0 -3424 ) (2048 0 104 ) (2048 1024 104 ) (2048 1024 -3424 ) 
4 32 41 (2048 1024 128 ) (2048 1024 740 ) (1440 1024 740 ) (1440 1024 128 ) 
4 32 40 (2048 1024 740 ) (2048 1024 2240 ) (1440 1024 2240 ) (1440 1024 740 ) 
4 32 34 (1440 1024 740 ) (1440 1024 2240 ) (1440 1450 2240 ) (1440 1450 740 ) 
4 32 33 (1440 2048 128 ) (1440 1450 128 ) (1440 1450 2240 ) (1440 2048 2240 ) 
4 33 37 (1024 2048 740 ) (1024 2048 128 ) (1024 1450 128 ) (1024 1450 740 ) 
4 33 36 (1024 2048 2240 ) (1024 2048 740 ) (1024 1450 740 ) (1024 1450 2240 ) 
4 33 34 (1440 1450 740 ) (1440 1450 2240 ) (1024 1450 2240 ) (1024 1450 740 ) 
4 34 40 (1440 1024 2240 ) (1024 1024 2240 ) (1024 1024 740 ) (1440 1024 740 ) 
4 34 36 (1024 1024 740 ) (1024 1024 2240 ) (1024 1450 2240 ) (1024 1450 740 ) 
4 35 43 (2048 1024 -3424 ) (2048 1024 104 ) (1024 1024 104 ) (1024 1024 -3424 ) 
4 35 39 (1024 2048 104 ) (1024 2048 -3424 ) (1024 1024 -3424 ) (1024 1024 104 ) 
4 36 67 (0 1024 740 ) (0 1024 2240 ) (0 2048 2240 ) (0 2048 740 ) 
4 36 44 (1024 1024 740 ) (1024 1024 2240 ) (0 1024 2240 ) (0 1024 740 ) 
4 36 38 (790 1024 740 ) (320 1024 740 ) (320 1450 740 ) (790 1450 740 ) 
4 36 37 (0 1450 740 ) (0 2048 740 ) (1024 2048 740 ) (1024 1450 740 ) 
4 37 68 (0 1450 740 ) (0 2048 740 ) (0 2048 128 ) (0 1450 128 ) 
4 37 38 (320 1450 128 ) (790 1450 128 ) (790 1450 740 ) (320 1450 740 ) 
4 38 46 (790 1024 740 ) (320 1024 740 ) (320 1024 128 ) (790 1024 128 ) 
4 39 70 (0 1024 -3424 ) (0 1024 104 ) (0 2048 104 ) (0 2048 -3424 ) 
4 39 48 (1024 1024 -3424 ) (1024 1024 104 ) (0 1024 104 ) (0 1024 -3424 ) 
4 40 114 (2048 0 740 ) (2048 0 2240 ) (1024 0 2240 ) (1024 0 740 ) 
4 40 44 (1024 1024 2240 ) (1024 1024 740 ) (1024 0 740 ) (1024 0 2240 ) 
4 40 42 (1024 330 740 ) (1024 800 740 ) (1440 800 740 ) (1440 330 740 ) 
4 40 41 (2048 0 740 ) (1440 0 740 ) (1440 1024 740 ) (2048 1024 740 ) 
4 41 115 (2048 0 128 ) (2048 0 740 ) (1440 0 740 ) (1440 0 128 ) 
4 41 42 (1440 800 128 ) (1440 330 128 ) (1440 330 740 ) (1440 800 740 ) 
4 42 45 (1024 800 128 ) (1024 330 128 ) (1024 330 740 ) (1024 800 740 ) 
4 43 117 (2048 0 -3424 ) (2048 0 104 ) (1024 0 104 ) (1024 0 -3424 ) 
4 43 48 (1024 1024 104 ) (1024 1024 -3424 ) (1024 0 -3424 ) (1024 0 104 ) 
4 44 118 (1024 0 740 ) (1024 0 2240 ) (0 0 2240 ) (0 0 740 ) 
4 44 71 (0 0 740 ) (0 0 2240 ) (0 1024 2240 ) (0 1024 740 ) 
4 44 47 (0 330 740 ) (0 800 740 ) (320 800 740 ) (320 330 740 ) 
4 44 45 (790 330 740 ) (790 800 740 ) (1024 800 740 ) (1024 330 740 ) 
4 44 46 (790 0 740 ) (320 0 740 ) (320 1024 740 ) (790 1024 740 ) 
4 45 46 (790 800 128 ) (790 330 128 ) (790 330 740 ) (790 800 740 ) 
4 46 120 (790 0 740 ) (320 0 740 ) (320 0 128 ) (790 0 128 ) 
4 46 47 (320 800 128 ) (320 330 128 ) (320 330 740 ) (320 800 740 ) 
4 47 72 (0 330 740 ) (0 800 740 ) (0 800 128 ) (0 330 128 ) 
4 48 122 (1024 0 -3424 ) (1024 0 104 ) (0 0 104 ) (0 0 -3424 ) 
4 48 75 (0 0 -3424 ) (0 0 104 ) (0 1024 104 ) (0 1024 -3424 ) 
4 49 54 (0 4096 -3424 ) (0 4096 2240 ) (-1024 4096 2240 ) (-1024 4096 -3424 ) 
4 49 50 (-1024 4096 -3424 ) (-1024 4096 2240 ) (-1024 5120 2240 ) (-1024 5120 -3424 ) 
4 50 58 (-1024 4096 -3424 ) (-1024 4096 2240 ) (-2048 4096 2240 ) (-2048 4096 -3424 ) 
4 50 51 (-2048 4096 -3424 ) (-2048 4096 2240 ) (-2048 5120 2240 ) (-2048 5120 -3424 ) 
4 51 59 (-2048 4096 -3424 ) (-2048 4096 2240 ) (-3072 4096 2240 ) (-3072 4096 -3424 ) 
4 51 52 (-3072 4096 -3424 ) (-3072 4096 2240 ) (-3072 5120 2240 ) (-3072 5120 -3424 ) 
4 52 90 (-3072 4096 -3424 ) (-3072 4096 2240 ) (-4096 4096 2240 ) (-4096 4096 -3424 ) 
4 52 53 (-4096 4096 -3424 ) (-4096 4096 2240 ) (-4096 5120 2240 ) (-4096 5120 -3424 ) 
4 53 91 (-4096 4096 -3424 ) (-4096 4096 2240 ) (-5120 4096 2240 ) (-5120 4096 -3424 ) 
4 54 58 (-1024 4096 2240 ) (-1024 4096 -3424 ) (-1024 3072 -3424 ) (-1024 3072 2240 ) 
4 54 57 (0 3072 -3424 ) (0 3072 104 ) (-1024 3072 104 ) (-1024 3072 -3424 ) 
4 54 55 (0 3072 104 ) (0 3072 2240 ) (-1024 3072 2240 ) (-1024 3072 104 ) 
4 55 60 (-1024 2560 2240 ) (-1024 3072 2240 ) (-1024 3072 104 ) (-1024 2560 104 ) 
4 55 57 (-1024 2560 104 ) (-1024 3072 104 ) (0 3072 104 ) (0 2560 104 ) 
4 55 56 (0 2560 128 ) (0 2560 2240 ) (-1024 2560 2240 ) (-1024 2560 128 ) 
4 56 68 (0 2048 128 ) (0 2048 740 ) (-1024 2048 740 ) (-1024 2048 128 ) 
4 56 67 (0 2048 740 ) (0 2048 2240 ) (-1024 2048 2240 ) (-1024 2048 740 ) 
4 56 61 (-1024 2048 128 ) (-1024 2048 2240 ) (-1024 2560 2240 ) (-1024 2560 128 ) 
4 57 70 (0 2048 -3424 ) (0 2048 104 ) (-1024 2048 104 ) (-1024 2048 -3424 ) 
4 57 62 (-1024 2048 -3424 ) (-1024 2048 104 ) (-1024 3072 104 ) (-1024 3072 -3424 ) 
4 58 62 (-1024 3072 -3424 ) (-1024 3072 104 ) (-2048 3072 104 ) (-2048 3072 -3424 ) 
4 58 60 (-1024 3072 104 ) (-1024 3072 2240 ) (-2048 3072 2240 ) (-2048 3072 104 ) 
4 58 59 (-2048 4096 2240 ) (-2048 4096 -3424 ) (-2048 3072 -3424 ) (-2048 3072 2240 ) 
4 59 90 (-3072 4096 2240 ) (-3072 4096 -3424 ) (-3072 3072 -3424 ) (-3072 3072 2240 ) 
4 59 66 (-2048 3072 -3424 ) (-2048 3072 104 ) (-3072 3072 104 ) (-3072 3072 -3424 ) 
4 59 63 (-2048 3072 104 ) (-2048 3072 2240 ) (-2560 3072 2240 ) (-2560 3072 104 ) 
4 59 65 (-2560 3072 2240 ) (-3072 3072 2240 ) (-3072 3072 104 ) (-2560 3072 104 ) 
4 60 63 (-2048 3072 2240 ) (-2048 3072 104 ) (-2048 2560 104 ) (-2048 2560 2240 ) 
4 60 62 (-2048 3072 104 ) (-1024 3072 104 ) (-1024 2560 104 ) (-2048 2560 104 ) 
4 60 61 (-1024 2560 128 ) (-1024 2560 2240 ) (-2048 2560 2240 ) (-2048 2560 128 ) 
4 61 76 (-1024 2048 128 ) (-1024 2048 2240 ) (-1450 2048 2240 ) (-1450 2048 128 ) 
4 61 78 (-1450 2048 2240 ) (-2048 2048 2240 ) (-2048 2048 128 ) (-1450 2048 128 ) 
4 61 64 (-2048 2048 128 ) (-2048 2048 2240 ) (-2048 2560 2240 ) (-2048 2560 128 ) 
4 62 79 (-1024 2048 -3424 ) (-1024 2048 104 ) (-2048 2048 104 ) (-2048 2048 -3424 ) 
4 62 66 (-2048 3072 104 ) (-2048 3072 -3424 ) (-2048 2048 -3424 ) (-2048 2048 104 ) 
4 63 66 (-2048 3072 104 ) (-2048 2560 104 ) (-2560 2560 104 ) (-2560 3072 104 ) 
4 63 64 (-2560 2560 2240 ) (-2560 2560 128 ) (-2048 2560 128 ) (-2048 2560 2240 ) 
4 63 65 (-2560 3072 104 ) (-2560 2560 104 ) (-2560 2560 2240 ) (-2560 3072 2240 ) 
4 64 80 (-2048 2048 128 ) (-2048 2048 2240 ) (-2560 2048 2240 ) (-2560 2048 128 ) 
4 64 65 (-2560 2048 128 ) (-2560 2048 2240 ) (-2560 2560 2240 ) (-2560 2560 128 ) 
4 65 92 (-3072 2048 104 ) (-3072 2048 2240 ) (-3072 3072 2240 ) (-3072 3072 104 ) 
4 65 81 (-2560 2048 2240 ) (-3072 2048 2240 ) (-3072 2048 104 ) (-2560 2048 104 ) 
4 65 66 (-2560 2048 104 ) (-3072 2048 104 ) (-3072 3072 104 ) (-2560 3072 104 ) 
4 66 92 (-3072 2048 -3424 ) (-3072 2048 104 ) (-3072 3072 104 ) (-3072 3072 -3424 ) 
4 66 82 (-2048 2048 -3424 ) (-2048 2048 104 ) (-3072 2048 104 ) (-3072 2048 -3424 ) 
4 67 77 (-1024 1450 740 ) (-1024 1024 740 ) (-1024 1024 2240 ) (-1024 1450 2240 ) 
4 67 76 (-1024 2048 2240 ) (-1024 2048 740 ) (-1024 1450 740 ) (-1024 1450 2240 ) 
4 67 71 (0 1024 740 ) (0 1024 2240 ) (-1024 1024 2240 ) (-1024 1024 740 ) 
4 67 69 (-330 1024 740 ) (-800 1024 740 ) (-800 1450 740 ) (-330 1450 740 ) 
4 67 68 (-1024 1450 740 ) (-1024 2048 740 ) (0 2048 740 ) (0 1450 740 ) 
4 68 76 (-1024 2048 740 ) (-1024 2048 128 ) (-1024 1450 128 ) (-1024 1450 740 ) 
4 68 69 (-800 1450 128 ) (-330 1450 128 ) (-330 1450 740 ) (-800 1450 740 ) 
4 69 73 (-330 1024 740 ) (-800 1024 740 ) (-800 1024 128 ) (-330 1024 128 ) 
4 70 79 (-1024 2048 104 ) (-1024 2048 -3424 ) (-1024 1024 -3424 ) (-1024 1024 104 ) 
4 70 75 (0 1024 -3424 ) (0 1024 104 ) (-1024 1024 104 ) (-1024 1024 -3424 ) 
4 71 147 (0 0 740 ) (0 0 2240 ) (-1024 0 2240 ) (-1024 0 740 ) 
4 71 83 (-1024 0 740 ) (-1024 0 2240 ) (-1024 1024 2240 ) (-1024 1024 740 ) 
4 71 74 (-1024 330 740 ) (-1024 800 740 ) (-800 800 740 ) (-800 330 740 ) 
4 71 73 (-330 0 740 ) (-800 0 740 ) (-800 1024 740 ) (-330 1024 740 ) 
4 71 72 (0 800 740 ) (0 330 740 ) (-330 330 740 ) (-330 800 740 ) 
4 72 73 (-330 800 128 ) (-330 330 128 ) (-330 330 740 ) (-330 800 740 ) 
4 73 149 (-330 0 740 ) (-800 0 740 ) (-800 0 128 ) (-330 0 128 ) 
4 73 74 (-800 800 128 ) (-800 330 128 ) (-800 330 740 ) (-800 800 740 ) 
4 74 84 (-1024 330 740 ) (-1024 800 740 ) (-1024 800 128 ) (-1024 330 128 ) 
4 75 151 (0 0 -3424 ) (0 0 104 ) (-1024 0 104 ) (-1024 0 -3424 ) 
4 75 86 (-1024 0 -3424 ) (-1024 0 104 ) (-1024 1024 104 ) (-1024 1024 -3424 ) 
4 76 77 (-1450 1450 2240 ) (-1450 1450 740 ) (-1024 1450 740 ) (-1024 1450 2240 ) 
4 76 78 (-1450 2048 128 ) (-1450 1450 128 ) (-1450 1450 2240 ) (-1450 2048 2240 ) 
4 77 83 (-1024 1024 740 ) (-1024 1024 2240 ) (-1450 1024 2240 ) (-1450 1024 740 ) 
4 77 78 (-1450 1024 740 ) (-1450 1024 2240 ) (-1450 1450 2240 ) (-1450 1450 740 ) 
4 78 85 (-2048 1024 740 ) (-2048 1024 128 ) (-1450 1024 128 ) (-1450 1024 740 ) 
4 78 83 (-1450 1024 2240 ) (-2048 1024 2240 ) (-2048 1024 740 ) (-1450 1024 740 ) 
4 78 80 (-2048 2048 2240 ) (-2048 2048 128 ) (-2048 1024 128 ) (-2048 1024 2240 ) 
4 79 86 (-1024 1024 -3424 ) (-1024 1024 104 ) (-2048 1024 104 ) (-2048 1024 -3424 ) 
4 79 82 (-2048 2048 104 ) (-2048 2048 -3424 ) (-2048 1024 -3424 ) (-2048 1024 104 ) 
4 80 87 (-2048 1024 128 ) (-2048 1024 2240 ) (-2560 1024 2240 ) (-2560 1024 128 ) 
4 80 81 (-2560 1024 128 ) (-2560 1024 2240 ) (-2560 2048 2240 ) (-2560 2048 128 ) 
4 81 94 (-3072 1024 104 ) (-3072 1024 2240 ) (-3072 2048 2240 ) (-3072 2048 104 ) 
4 81 88 (-2560 1024 2240 ) (-3072 1024 2240 ) (-3072 1024 104 ) (-2560 1024 104 ) 
4 81 82 (-2560 1024 104 ) (-3072 1024 104 ) (-3072 2048 104 ) (-2560 2048 104 ) 
4 82 94 (-3072 1024 -3424 ) (-3072 1024 104 ) (-3072 2048 104 ) (-3072 2048 -3424 ) 
4 82 89 (-2048 1024 -3424 ) (-2048 1024 104 ) (-3072 1024 104 ) (-3072 1024 -3424 ) 
4 83 152 (-1024 0 740 ) (-1024 0 2240 ) (-2048 0 2240 ) (-2048 0 740 ) 
4 83 87 (-2048 1024 2240 ) (-2048 1024 740 ) (-2048 0 740 ) (-2048 0 2240 ) 
4 83 84 (-1450 330 740 ) (-1450 800 740 ) (-1024 800 740 ) (-1024 330 740 ) 
4 83 85 (-1450 0 740 ) (-2048 0 740 ) (-2048 1024 740 ) (-1450 1024 740 ) 
4 84 85 (-1450 800 128 ) (-1450 330 128 ) (-1450 330 740 ) (-1450 800 740 ) 
4 85 154 (-1450 0 740 ) (-2048 0 740 ) (-2048 0 128 ) (-1450 0 128 ) 
4 85 87 (-2048 1024 740 ) (-2048 1024 128 ) (-2048 0 128 ) (-2048 0 740 ) 
4 86 155 (-1024 0 -3424 ) (-1024 0 104 ) (-2048 0 104 ) (-2048 0 -3424 ) 
4 86 89 (-2048 1024 104 ) (-2048 1024 -3424 ) (-2048 0 -3424 ) (-2048 0 104 ) 
4 87 156 (-2048 0 128 ) (-2048 0 2240 ) (-2560 0 2240 ) (-2560 0 128 ) 
4 87 88 (-2560 0 128 ) (-2560 0 2240 ) (-2560 1024 2240 ) (-2560 1024 128 ) 
4 88 157 (-2560 0 2240 ) (-3072 0 2240 ) (-3072 0 104 ) (-2560 0 104 ) 
4 88 96 (-3072 0 104 ) (-3072 0 2240 ) (-3072 1024 2240 ) (-3072 1024 104 ) 
4 88 89 (-2560 0 104 ) (-3072 0 104 ) (-3072 1024 104 ) (-2560 1024 104 ) 
4 89 158 (-2048 0 -3424 ) (-2048 0 104 ) (-3072 0 104 ) (-3072 0 -3424 ) 
4 89 96 (-3072 0 -3424 ) (-3072 0 104 ) (-3072 1024 104 ) (-3072 1024 -3424 ) 
4 90 92 (-3072 3072 -3424 ) (-3072 3072 2240 ) (-4096 3072 2240 ) (-4096 3072 -3424 ) 
4 90 91 (-4096 4096 2240 ) (-4096 4096 -3424 ) (-4096 3072 -3424 ) (-4096 3072 2240 ) 
4 91 93 (-4096 3072 -3424 ) (-4096 3072 2240 ) (-5120 3072 2240 ) (-5120 3072 -3424 ) 
4 92 94 (-3072 2048 -3424 ) (-3072 2048 2240 ) (-4096 2048 2240 ) (-4096 2048 -3424 ) 
4 92 93 (-4096 3072 2240 ) (-4096 3072 -3424 ) (-4096 2048 -3424 ) (-4096 2048 2240 ) 
4 93 95 (-4096 2048 -3424 ) (-4096 2048 2240 ) (-5120 2048 2240 ) (-5120 2048 -3424 ) 
4 94 96 (-3072 1024 -3424 ) (-3072 1024 2240 ) (-4096 1024 2240 ) (-4096 1024 -3424 ) 
4 94 95 (-4096 2048 2240 ) (-4096 2048 -3424 ) (-4096 1024 -3424 ) (-4096 1024 2240 ) 
4 95 97 (-4096 1024 -3424 ) (-4096 1024 2240 ) (-5120 1024 2240 ) (-5120 1024 -3424 ) 
4 96 180 (-3072 0 -3424 ) (-3072 0 2240 ) (-4096 0 2240 ) (-4096 0 -3424 ) 
4 96 97 (-4096 1024 2240 ) (-4096 1024 -3424 ) (-4096 0 -3424 ) (-4096 0 2240 ) 
4 97 181 (-4096 0 -3424 ) (-4096 0 2240 ) (-5120 0 2240 ) (-5120 0 -3424 ) 
4 98 101 (4096 0 2240 ) (4096 0 -3424 ) (4096 -1024 -3424 ) (4096 -1024 2240 ) 
4 98 99 (5120 -1024 -3424 ) (5120 -1024 2240 ) (4096 -1024 2240 ) (4096 -1024 -3424 ) 
4 99 105 (4096 -2048 -3424 ) (4096 -2048 2240 ) (4096 -1024 2240 ) (4096 -1024 -3424 ) 
4 99 100 (5120 -2048 -3424 ) (5120 -2048 2240 ) (4096 -2048 2240 ) (4096 -2048 -3424 ) 
4 100 137 (5120 -3072 -3424 ) (5120 -3072 2240 ) (4096 -3072 2240 ) (4096 -3072 -3424 ) 
4 100 109 (4096 -3072 -3424 ) (4096 -3072 2240 ) (4096 -2048 2240 ) (4096 -2048 -3424 ) 
4 101 105 (4096 -1024 -3424 ) (4096 -1024 2240 ) (3072 -1024 2240 ) (3072 -1024 -3424 ) 
4 101 104 (3072 -1024 -3424 ) (3072 -1024 104 ) (3072 0 104 ) (3072 0 -3424 ) 
4 101 102 (3072 -1024 104 ) (3072 -1024 2240 ) (3072 0 2240 ) (3072 0 104 ) 
4 102 106 (3072 -1024 104 ) (3072 -1024 2240 ) (2560 -1024 2240 ) (2560 -1024 104 ) 
4 102 104 (2560 0 104 ) (3072 0 104 ) (3072 -1024 104 ) (2560 -1024 104 ) 
4 102 103 (2560 -1024 128 ) (2560 -1024 2240 ) (2560 0 2240 ) (2560 0 128 ) 
4 103 115 (2048 -1024 128 ) (2048 -1024 740 ) (2048 0 740 ) (2048 0 128 ) 
4 103 114 (2048 -1024 740 ) (2048 -1024 2240 ) (2048 0 2240 ) (2048 0 740 ) 
4 103 107 (2560 -1024 2240 ) (2048 -1024 2240 ) (2048 -1024 128 ) (2560 -1024 128 ) 
4 104 117 (2048 -1024 -3424 ) (2048 -1024 104 ) (2048 0 104 ) (2048 0 -3424 ) 
4 104 108 (3072 -1024 -3424 ) (3072 -1024 104 ) (2048 -1024 104 ) (2048 -1024 -3424 ) 
4 105 109 (4096 -2048 -3424 ) (4096 -2048 2240 ) (3072 -2048 2240 ) (3072 -2048 -3424 ) 
4 105 108 (3072 -2048 -3424 ) (3072 -2048 104 ) (3072 -1024 104 ) (3072 -1024 -3424 ) 
4 105 106 (3072 -2048 104 ) (3072 -2048 2240 ) (3072 -1024 2240 ) (3072 -1024 104 ) 
4 106 110 (2560 -2048 104 ) (3072 -2048 104 ) (3072 -2048 2240 ) (2560 -2048 2240 ) 
4 106 108 (2560 -1024 104 ) (3072 -1024 104 ) (3072 -2048 104 ) (2560 -2048 104 ) 
4 106 107 (2560 -2048 128 ) (2560 -2048 2240 ) (2560 -1024 2240 ) (2560 -1024 128 ) 
4 107 123 (2048 -2048 128 ) (2048 -2048 2240 ) (2048 -1024 2240 ) (2048 -1024 128 ) 
4 107 111 (2048 -2048 2240 ) (2048 -2048 128 ) (2560 -2048 128 ) (2560 -2048 2240 ) 
4 108 126 (2048 -2048 -3424 ) (2048 -2048 104 ) (2048 -1024 104 ) (2048 -1024 -3424 ) 
4 108 113 (2048 -2048 104 ) (2048 -2048 -3424 ) (3072 -2048 -3424 ) (3072 -2048 104 ) 
4 109 139 (4096 -3072 -3424 ) (4096 -3072 2240 ) (3072 -3072 2240 ) (3072 -3072 -3424 ) 
4 109 113 (3072 -2048 104 ) (3072 -2048 -3424 ) (3072 -3072 -3424 ) (3072 -3072 104 ) 
4 109 110 (3072 -2048 2240 ) (3072 -2048 104 ) (3072 -3072 104 ) (3072 -3072 2240 ) 
4 110 140 (3072 -3072 104 ) (3072 -3072 2240 ) (2560 -3072 2240 ) (2560 -3072 104 ) 
4 110 113 (2560 -2048 104 ) (3072 -2048 104 ) (3072 -3072 104 ) (2560 -3072 104 ) 
4 110 111 (2560 -2560 128 ) (2560 -2560 2240 ) (2560 -2048 2240 ) (2560 -2048 128 ) 
4 110 112 (2560 -2560 104 ) (2560 -3072 104 ) (2560 -3072 2240 ) (2560 -2560 2240 ) 
4 111 131 (2048 -2560 2240 ) (2048 -2048 2240 ) (2048 -2048 128 ) (2048 -2560 128 ) 
4 111 112 (2560 -2560 128 ) (2560 -2560 2240 ) (2048 -2560 2240 ) (2048 -2560 128 ) 
4 112 140 (2560 -3072 2240 ) (2048 -3072 2240 ) (2048 -3072 104 ) (2560 -3072 104 ) 
4 112 132 (2048 -3072 104 ) (2048 -3072 2240 ) (2048 -2560 2240 ) (2048 -2560 104 ) 
4 112 113 (2048 -3072 104 ) (2048 -2560 104 ) (2560 -2560 104 ) (2560 -3072 104 ) 
4 113 140 (3072 -3072 -3424 ) (3072 -3072 104 ) (2048 -3072 104 ) (2048 -3072 -3424 ) 
4 113 133 (2048 -3072 -3424 ) (2048 -3072 104 ) (2048 -2048 104 ) (2048 -2048 -3424 ) 
4 114 124 (1440 -1024 2240 ) (1024 -1024 2240 ) (1024 -1024 740 ) (1440 -1024 740 ) 
4 114 123 (2048 -1024 740 ) (2048 -1024 2240 ) (1440 -1024 2240 ) (1440 -1024 740 ) 
4 114 118 (1024 -1024 740 ) (1024 -1024 2240 ) (1024 0 2240 ) (1024 0 740 ) 
4 114 116 (1024 -790 740 ) (1024 -320 740 ) (1440 -320 740 ) (1440 -790 740 ) 
4 114 115 (1440 0 740 ) (2048 0 740 ) (2048 -1024 740 ) (1440 -1024 740 ) 
4 115 123 (2048 -1024 128 ) (2048 -1024 740 ) (1440 -1024 740 ) (1440 -1024 128 ) 
4 115 116 (1440 -320 128 ) (1440 -790 128 ) (1440 -790 740 ) (1440 -320 740 ) 
4 116 119 (1024 -790 740 ) (1024 -320 740 ) (1024 -320 128 ) (1024 -790 128 ) 
4 117 126 (2048 -1024 -3424 ) (2048 -1024 104 ) (1024 -1024 104 ) (1024 -1024 -3424 ) 
4 117 122 (1024 -1024 -3424 ) (1024 -1024 104 ) (1024 0 104 ) (1024 0 -3424 ) 
4 118 147 (0 0 2240 ) (0 0 740 ) (0 -1024 740 ) (0 -1024 2240 ) 
4 118 127 (0 -1024 2240 ) (0 -1024 740 ) (1024 -1024 740 ) (1024 -1024 2240 ) 
4 118 121 (0 -790 740 ) (0 -320 740 ) (320 -320 740 ) (320 -790 740 ) 
4 118 120 (790 -1024 740 ) (320 -1024 740 ) (320 0 740 ) (790 0 740 ) 
4 118 119 (790 -790 740 ) (790 -320 740 ) (1024 -320 740 ) (1024 -790 740 ) 
4 119 120 (790 -320 128 ) (790 -790 128 ) (790 -790 740 ) (790 -320 740 ) 
4 120 128 (320 -1024 128 ) (790 -1024 128 ) (790 -1024 740 ) (320 -1024 740 ) 
4 120 121 (320 -320 128 ) (320 -790 128 ) (320 -790 740 ) (320 -320 740 ) 
4 121 148 (0 -320 128 ) (0 -790 128 ) (0 -790 740 ) (0 -320 740 ) 
4 122 151 (0 0 104 ) (0 0 -3424 ) (0 -1024 -3424 ) (0 -1024 104 ) 
4 122 130 (0 -1024 104 ) (0 -1024 -3424 ) (1024 -1024 -3424 ) (1024 -1024 104 ) 
4 123 131 (2048 -2048 128 ) (2048 -2048 2240 ) (1440 -2048 2240 ) (1440 -2048 128 ) 
4 123 124 (1440 -1440 740 ) (1440 -1440 2240 ) (1440 -1024 2240 ) (1440 -1024 740 ) 
4 123 125 (1440 -1440 128 ) (1440 -2048 128 ) (1440 -2048 2240 ) (1440 -1440 2240 ) 
4 124 127 (1024 -1440 2240 ) (1024 -1024 2240 ) (1024 -1024 740 ) (1024 -1440 740 ) 
4 124 125 (1440 -1440 740 ) (1440 -1440 2240 ) (1024 -1440 2240 ) (1024 -1440 740 ) 
4 125 131 (1440 -2048 2240 ) (1024 -2048 2240 ) (1024 -2048 128 ) (1440 -2048 128 ) 
4 125 129 (1024 -2048 128 ) (1024 -2048 740 ) (1024 -1440 740 ) (1024 -1440 128 ) 
4 125 127 (1024 -2048 740 ) (1024 -2048 2240 ) (1024 -1440 2240 ) (1024 -1440 740 ) 
4 126 133 (2048 -2048 -3424 ) (2048 -2048 104 ) (1024 -2048 104 ) (1024 -2048 -3424 ) 
4 126 130 (1024 -2048 -3424 ) (1024 -2048 104 ) (1024 -1024 104 ) (1024 -1024 -3424 ) 
4 127 159 (0 -2048 740 ) (0 -2048 2240 ) (0 -1024 2240 ) (0 -1024 740 ) 
4 127 134 (1024 -2048 740 ) (1024 -2048 2240 ) (0 -2048 2240 ) (0 -2048 740 ) 
4 127 128 (320 -1024 740 ) (790 -1024 740 ) (790 -1440 740 ) (320 -1440 740 ) 
4 127 129 (1024 -2048 740 ) (0 -2048 740 ) (0 -1440 740 ) (1024 -1440 740 ) 
4 128 129 (320 -1440 128 ) (790 -1440 128 ) (790 -1440 740 ) (320 -1440 740 ) 
4 129 161 (0 -2048 128 ) (0 -2048 740 ) (0 -1440 740 ) (0 -1440 128 ) 
4 129 134 (1024 -2048 128 ) (1024 -2048 740 ) (0 -2048 740 ) (0 -2048 128 ) 
4 130 162 (0 -2048 -3424 ) (0 -2048 104 ) (0 -1024 104 ) (0 -1024 -3424 ) 
4 130 136 (1024 -2048 -3424 ) (1024 -2048 104 ) (0 -2048 104 ) (0 -2048 -3424 ) 
4 131 134 (1024 -2048 2240 ) (1024 -2048 128 ) (1024 -2560 128 ) (1024 -2560 2240 ) 
4 131 132 (2048 -2560 128 ) (2048 -2560 2240 ) (1024 -2560 2240 ) (1024 -2560 128 ) 
4 132 143 (2048 -3072 104 ) (2048 -3072 2240 ) (1024 -3072 2240 ) (1024 -3072 104 ) 
4 132 135 (1024 -2560 104 ) (1024 -3072 104 ) (1024 -3072 2240 ) (1024 -2560 2240 ) 
4 132 133 (2048 -3072 104 ) (1024 -3072 104 ) (1024 -2560 104 ) (2048 -2560 104 ) 
4 133 143 (2048 -3072 -3424 ) (2048 -3072 104 ) (1024 -3072 104 ) (1024 -3072 -3424 ) 
4 133 136 (1024 -2048 104 ) (1024 -2048 -3424 ) (1024 -3072 -3424 ) (1024 -3072 104 ) 
4 134 163 (0 -2560 2240 ) (0 -2048 2240 ) (0 -2048 128 ) (0 -2560 128 ) 
4 134 135 (1024 -2560 128 ) (1024 -2560 2240 ) (0 -2560 2240 ) (0 -2560 128 ) 
4 135 164 (0 -3072 104 ) (0 -3072 2240 ) (0 -2560 2240 ) (0 -2560 104 ) 
4 135 144 (1024 -3072 104 ) (1024 -3072 2240 ) (0 -3072 2240 ) (0 -3072 104 ) 
4 135 136 (1024 -2560 104 ) (1024 -3072 104 ) (0 -3072 104 ) (0 -2560 104 ) 
4 136 165 (0 -3072 -3424 ) (0 -3072 104 ) (0 -2048 104 ) (0 -2048 -3424 ) 
4 136 144 (1024 -3072 -3424 ) (1024 -3072 104 ) (0 -3072 104 ) (0 -3072 -3424 ) 
4 137 139 (4096 -3072 2240 ) (4096 -3072 -3424 ) (4096 -4096 -3424 ) (4096 -4096 2240 ) 
4 137 138 (5120 -4096 -3424 ) (5120 -4096 2240 ) (4096 -4096 2240 ) (4096 -4096 -3424 ) 
4 138 141 (4096 -5120 -3424 ) (4096 -5120 2240 ) (4096 -4096 2240 ) (4096 -4096 -3424 ) 
4 139 141 (4096 -4096 -3424 ) (4096 -4096 2240 ) (3072 -4096 2240 ) (3072 -4096 -3424 ) 
4 139 140 (3072 -3072 2240 ) (3072 -3072 -3424 ) (3072 -4096 -3424 ) (3072 -4096 2240 ) 
4 140 143 (2048 -3072 2240 ) (2048 -3072 -3424 ) (2048 -4096 -3424 ) (2048 -4096 2240 ) 
4 140 142 (3072 -4096 -3424 ) (3072 -4096 2240 ) (2048 -4096 2240 ) (2048 -4096 -3424 ) 
4 141 142 (3072 -4096 2240 ) (3072 -4096 -3424 ) (3072 -5120 -3424 ) (3072 -5120 2240 ) 
4 142 145 (2048 -5120 -3424 ) (2048 -5120 2240 ) (2048 -4096 2240 ) (2048 -4096 -3424 ) 
4 143 145 (2048 -4096 -3424 ) (2048 -4096 2240 ) (1024 -4096 2240 ) (1024 -4096 -3424 ) 
4 143 144 (1024 -3072 2240 ) (1024 -3072 -3424 ) (1024 -4096 -3424 ) (1024 -4096 2240 ) 
4 144 186 (0 -4096 -3424 ) (0 -4096 2240 ) (0 -3072 2240 ) (0 -3072 -3424 ) 
4 144 146 (1024 -4096 -3424 ) (1024 -4096 2240 ) (0 -4096 2240 ) (0 -4096 -3424 ) 
4 145 146 (1024 -4096 2240 ) (1024 -4096 -3424 ) (1024 -5120 -3424 ) (1024 -5120 2240 ) 
4 146 187 (0 -5120 -3424 ) (0 -5120 2240 ) (0 -4096 2240 ) (0 -4096 -3424 ) 
4 147 159 (0 -1024 740 ) (0 -1024 2240 ) (-1024 -1024 2240 ) (-1024 -1024 740 ) 
4 147 152 (-1024 0 2240 ) (-1024 0 740 ) (-1024 -1024 740 ) (-1024 -1024 2240 ) 
4 147 150 (-1024 -790 740 ) (-1024 -320 740 ) (-800 -320 740 ) (-800 -790 740 ) 
4 147 148 (0 -320 740 ) (0 -790 740 ) (-330 -790 740 ) (-330 -320 740 ) 
4 147 149 (-800 0 740 ) (-330 0 740 ) (-330 -1024 740 ) (-800 -1024 740 ) 
4 148 149 (-330 -320 128 ) (-330 -790 128 ) (-330 -790 740 ) (-330 -320 740 ) 
4 149 160 (-330 -1024 740 ) (-800 -1024 740 ) (-800 -1024 128 ) (-330 -1024 128 ) 
4 149 150 (-800 -320 128 ) (-800 -790 128 ) (-800 -790 740 ) (-800 -320 740 ) 
4 150 153 (-1024 -320 128 ) (-1024 -790 128 ) (-1024 -790 740 ) (-1024 -320 740 ) 
4 151 162 (0 -1024 -3424 ) (0 -1024 104 ) (-1024 -1024 104 ) (-1024 -1024 -3424 ) 
4 151 155 (-1024 0 104 ) (-1024 0 -3424 ) (-1024 -1024 -3424 ) (-1024 -1024 104 ) 
4 152 166 (-1024 -1024 740 ) (-1024 -1024 2240 ) (-1450 -1024 2240 ) (-1450 -1024 740 ) 
4 152 168 (-1450 -1024 2240 ) (-2048 -1024 2240 ) (-2048 -1024 740 ) (-1450 -1024 740 ) 
4 152 156 (-2048 -1024 740 ) (-2048 -1024 2240 ) (-2048 0 2240 ) (-2048 0 740 ) 
4 152 153 (-1024 -320 740 ) (-1024 -790 740 ) (-1450 -790 740 ) (-1450 -320 740 ) 
4 152 154 (-2048 -1024 740 ) (-2048 0 740 ) (-1450 0 740 ) (-1450 -1024 740 ) 
4 153 154 (-1450 -320 128 ) (-1450 -790 128 ) (-1450 -790 740 ) (-1450 -320 740 ) 
4 154 168 (-1450 -1024 740 ) (-2048 -1024 740 ) (-2048 -1024 128 ) (-1450 -1024 128 ) 
4 154 156 (-2048 -1024 128 ) (-2048 -1024 740 ) (-2048 0 740 ) (-2048 0 128 ) 
4 155 169 (-1024 -1024 -3424 ) (-1024 -1024 104 ) (-2048 -1024 104 ) (-2048 -1024 -3424 ) 
4 155 158 (-2048 -1024 -3424 ) (-2048 -1024 104 ) (-2048 0 104 ) (-2048 0 -3424 ) 
4 156 170 (-2048 -1024 128 ) (-2048 -1024 2240 ) (-2560 -1024 2240 ) (-2560 -1024 128 ) 
4 156 157 (-2560 -1024 128 ) (-2560 -1024 2240 ) (-2560 0 2240 ) (-2560 0 128 ) 
4 157 180 (-3072 0 2240 ) (-3072 0 104 ) (-3072 -1024 104 ) (-3072 -1024 2240 ) 
4 157 171 (-2560 -1024 2240 ) (-3072 -1024 2240 ) (-3072 -1024 104 ) (-2560 -1024 104 ) 
4 157 158 (-3072 -1024 104 ) (-3072 0 104 ) (-2560 0 104 ) (-2560 -1024 104 ) 
4 158 180 (-3072 0 104 ) (-3072 0 -3424 ) (-3072 -1024 -3424 ) (-3072 -1024 104 ) 
4 158 172 (-2048 -1024 -3424 ) (-2048 -1024 104 ) (-3072 -1024 104 ) (-3072 -1024 -3424 ) 
4 159 166 (-1024 -1024 2240 ) (-1024 -1024 740 ) (-1024 -1440 740 ) (-1024 -1440 2240 ) 
4 159 167 (-1024 -1440 740 ) (-1024 -2048 740 ) (-1024 -2048 2240 ) (-1024 -1440 2240 ) 
4 159 163 (0 -2048 740 ) (0 -2048 2240 ) (-1024 -2048 2240 ) (-1024 -2048 740 ) 
4 159 160 (-800 -1024 740 ) (-330 -1024 740 ) (-330 -1440 740 ) (-800 -1440 740 ) 
4 159 161 (0 -2048 740 ) (-1024 -2048 740 ) (-1024 -1440 740 ) (0 -1440 740 ) 
4 160 161 (-800 -1440 128 ) (-330 -1440 128 ) (-330 -1440 740 ) (-800 -1440 740 ) 
4 161 167 (-1024 -1440 128 ) (-1024 -2048 128 ) (-1024 -2048 740 ) (-1024 -1440 740 ) 
4 161 163 (0 -2048 128 ) (0 -2048 740 ) (-1024 -2048 740 ) (-1024 -2048 128 ) 
4 162 169 (-1024 -1024 104 ) (-1024 -1024 -3424 ) (-1024 -2048 -3424 ) (-1024 -2048 104 ) 
4 162 165 (0 -2048 -3424 ) (0 -2048 104 ) (-1024 -2048 104 ) (-1024 -2048 -3424 ) 
4 163 173 (-1024 -2560 2240 ) (-1024 -2048 2240 ) (-1024 -2048 128 ) (-1024 -2560 128 ) 
4 163 164 (0 -2560 128 ) (0 -2560 2240 ) (-1024 -2560 2240 ) (-1024 -2560 128 ) 
4 164 186 (0 -3072 104 ) (0 -3072 2240 ) (-1024 -3072 2240 ) (-1024 -3072 104 ) 
4 164 174 (-1024 -3072 104 ) (-1024 -3072 2240 ) (-1024 -2560 2240 ) (-1024 -2560 104 ) 
4 164 165 (-1024 -3072 104 ) (-1024 -2560 104 ) (0 -2560 104 ) (0 -3072 104 ) 
4 165 186 (0 -3072 -3424 ) (0 -3072 104 ) (-1024 -3072 104 ) (-1024 -3072 -3424 ) 
4 165 175 (-1024 -3072 -3424 ) (-1024 -3072 104 ) (-1024 -2048 104 ) (-1024 -2048 -3424 ) 
4 166 167 (-1450 -1440 2240 ) (-1450 -1440 740 ) (-1024 -1440 740 ) (-1024 -1440 2240 ) 
4 166 168 (-1450 -1440 740 ) (-1450 -1440 2240 ) (-1450 -1024 2240 ) (-1450 -1024 740 ) 
4 167 173 (-1024 -2048 128 ) (-1024 -2048 2240 ) (-1450 -2048 2240 ) (-1450 -2048 128 ) 
4 167 168 (-1450 -1440 128 ) (-1450 -2048 128 ) (-1450 -2048 2240 ) (-1450 -1440 2240 ) 
4 168 173 (-1450 -2048 2240 ) (-2048 -2048 2240 ) (-2048 -2048 128 ) (-1450 -2048 128 ) 
4 168 170 (-2048 -1024 2240 ) (-2048 -1024 128 ) (-2048 -2048 128 ) (-2048 -2048 2240 ) 
4 169 175 (-1024 -2048 -3424 ) (-1024 -2048 104 ) (-2048 -2048 104 ) (-2048 -2048 -3424 ) 
4 169 172 (-2048 -1024 104 ) (-2048 -1024 -3424 ) (-2048 -2048 -3424 ) (-2048 -2048 104 ) 
4 170 176 (-2048 -2048 128 ) (-2048 -2048 2240 ) (-2560 -2048 2240 ) (-2560 -2048 128 ) 
4 170 171 (-2560 -2048 128 ) (-2560 -2048 2240 ) (-2560 -1024 2240 ) (-2560 -1024 128 ) 
4 171 182 (-3072 -2048 104 ) (-3072 -2048 2240 ) (-3072 -1024 2240 ) (-3072 -1024 104 ) 
4 171 178 (-2560 -2048 2240 ) (-3072 -2048 2240 ) (-3072 -2048 104 ) (-2560 -2048 104 ) 
4 171 172 (-2560 -2048 104 ) (-3072 -2048 104 ) (-3072 -1024 104 ) (-2560 -1024 104 ) 
4 172 182 (-3072 -2048 -3424 ) (-3072 -2048 104 ) (-3072 -1024 104 ) (-3072 -1024 -3424 ) 
4 172 179 (-2048 -2048 -3424 ) (-2048 -2048 104 ) (-3072 -2048 104 ) (-3072 -2048 -3424 ) 
4 173 176 (-2048 -2048 2240 ) (-2048 -2048 128 ) (-2048 -2560 128 ) (-2048 -2560 2240 ) 
4 173 174 (-1024 -2560 128 ) (-1024 -2560 2240 ) (-2048 -2560 2240 ) (-2048 -2560 128 ) 
4 174 188 (-1024 -3072 104 ) (-1024 -3072 2240 ) (-2048 -3072 2240 ) (-2048 -3072 104 ) 
4 174 177 (-2048 -2560 104 ) (-2048 -3072 104 ) (-2048 -3072 2240 ) (-2048 -2560 2240 ) 
4 174 175 (-1024 -2560 104 ) (-1024 -3072 104 ) (-2048 -3072 104 ) (-2048 -2560 104 ) 
4 175 188 (-1024 -3072 -3424 ) (-1024 -3072 104 ) (-2048 -3072 104 ) (-2048 -3072 -3424 ) 
4 175 179 (-2048 -2048 104 ) (-2048 -2048 -3424 ) (-2048 -3072 -3424 ) (-2048 -3072 104 ) 
4 176 177 (-2560 -2560 2240 ) (-2560 -2560 128 ) (-2048 -2560 128 ) (-2048 -2560 2240 ) 
4 176 178 (-2560 -2560 128 ) (-2560 -2560 2240 ) (-2560 -2048 2240 ) (-2560 -2048 128 ) 
4 177 189 (-2048 -3072 104 ) (-2048 -3072 2240 ) (-2560 -3072 2240 ) (-2560 -3072 104 ) 
4 177 179 (-2048 -2560 104 ) (-2048 -3072 104 ) (-2560 -3072 104 ) (-2560 -2560 104 ) 
4 177 178 (-2560 -2560 104 ) (-2560 -3072 104 ) (-2560 -3072 2240 ) (-2560 -2560 2240 ) 
4 178 189 (-2560 -3072 2240 ) (-3072 -3072 2240 ) (-3072 -3072 104 ) (-2560 -3072 104 ) 
4 178 184 (-3072 -3072 104 ) (-3072 -3072 2240 ) (-3072 -2048 2240 ) (-3072 -2048 104 ) 
4 178 179 (-2560 -3072 104 ) (-3072 -3072 104 ) (-3072 -2048 104 ) (-2560 -2048 104 ) 
4 179 189 (-2048 -3072 -3424 ) (-2048 -3072 104 ) (-3072 -3072 104 ) (-3072 -3072 -3424 ) 
4 179 184 (-3072 -3072 -3424 ) (-3072 -3072 104 ) (-3072 -2048 104 ) (-3072 -2048 -3424 ) 
4 180 182 (-3072 -1024 -3424 ) (-3072 -1024 2240 ) (-4096 -1024 2240 ) (-4096 -1024 -3424 ) 
4 180 181 (-4096 -1024 -3424 ) (-4096 -1024 2240 ) (-4096 0 2240 ) (-4096 0 -3424 ) 
4 181 183 (-4096 -1024 -3424 ) (-4096 -1024 2240 ) (-5120 -1024 2240 ) (-5120 -1024 -3424 ) 
4 182 184 (-3072 -2048 -3424 ) (-3072 -2048 2240 ) (-4096 -2048 2240 ) (-4096 -2048 -3424 ) 
4 182 183 (-4096 -2048 -3424 ) (-4096 -2048 2240 ) (-4096 -1024 2240 ) (-4096 -1024 -3424 ) 
4 183 185 (-5120 -2048 2240 ) (-5120 -2048 -3424 ) (-4096 -2048 -3424 ) (-4096 -2048 2240 ) 
4 184 192 (-3072 -3072 -3424 ) (-3072 -3072 2240 ) (-4096 -3072 2240 ) (-4096 -3072 -3424 ) 
4 184 185 (-4096 -2048 2240 ) (-4096 -2048 -3424 ) (-4096 -3072 -3424 ) (-4096 -3072 2240 ) 
4 185 193 (-4096 -3072 -3424 ) (-4096 -3072 2240 ) (-5120 -3072 2240 ) (-5120 -3072 -3424 ) 
4 186 188 (-1024 -3072 2240 ) (-1024 -3072 -3424 ) (-1024 -4096 -3424 ) (-1024 -4096 2240 ) 
4 186 187 (0 -4096 -3424 ) (0 -4096 2240 ) (-1024 -4096 2240 ) (-1024 -4096 -3424 ) 
4 187 190 (-1024 -5120 -3424 ) (-1024 -5120 2240 ) (-1024 -4096 2240 ) (-1024 -4096 -3424 ) 
4 188 190 (-1024 -4096 -3424 ) (-1024 -4096 2240 ) (-2048 -4096 2240 ) (-2048 -4096 -3424 ) 
4 188 189 (-2048 -3072 2240 ) (-2048 -3072 -3424 ) (-2048 -4096 -3424 ) (-2048 -4096 2240 ) 
4 189 192 (-3072 -3072 2240 ) (-3072 -3072 -3424 ) (-3072 -4096 -3424 ) (-3072 -4096 2240 ) 
4 189 191 (-2048 -4096 -3424 ) (-2048 -4096 2240 ) (-3072 -4096 2240 ) (-3072 -4096 -3424 ) 
4 190 191 (-2048 -4096 2240 ) (-2048 -4096 -3424 ) (-2048 -5120 -3424 ) (-2048 -5120 2240 ) 
4 191 194 (-3072 -5120 -3424 ) (-3072 -5120 2240 ) (-3072 -4096 2240 ) (-3072 -4096 -3424 ) 
4 192 194 (-3072 -4096 -3424 ) (-3072 -4096 2240 ) (-4096 -4096 2240 ) (-4096 -4096 -3424 ) 
4 192 193 (-4096 -3072 2240 ) (-4096 -3072 -3424 ) (-4096 -4096 -3424 ) (-4096 -4096 2240 ) 
4 193 195 (-4096 -4096 -3424 ) (-4096 -4096 2240 ) (-5120 -4096 2240 ) (-5120 -4096 -3424 ) 
4 194 195 (-4096 -4096 2240 ) (-4096 -4096 -3424 ) (-4096 -5120 -3424 ) (-4096 -5120 2240 ) 
